<?xml version="1.0" encoding="UTF-8"?>
<!-- Generated by org.testng.reporters.JUnitReportReporter -->
<testsuite skipped="0" hostname="Hasee-PC" name="testCases.Test_Pending_Leave_Request" tests="1" failures="0" timestamp="10 Feb 2019 14:17:17 GMT" time="7.811" errors="0">
  <testcase name="verifyPendingLeaveRequests" time="7.811" classname="testCases.Test_Pending_Leave_Request"/>
</testsuite> <!-- testCases.Test_Pending_Leave_Request -->
